v ATLAS
# This file was created by ATLAS version 5.20.2.R on Sun Feb 28 15:48:19 2016.
#SSF 2.0 generic
##############################################################################
#                    Copyright (c) 1984 - 2015                               #
#                    Silvaco Inc. All rights reserved                        #
#                                                                            #
# This file format and the following Key are copyright Silvaco Inc.          #
# You may not use, this format or key without reproducing this message in    #
# full and obtaining express written permission from Silvaco Inc.            #
#                                                                            #
# To obtain such permission please contact: Silvaco Inc.                     #
#                                           support@silvaco.com              #
#                                                                            #
# KEY=SVC86hn7562asdx                       PROD=345                         #
##############################################################################
y 3 700 711 15
z 0.6 0.017 300
f 4 "gate" "source" "drain" "substrate" 
p 12 2 601 20 3 602 21 4 603 22 5 604 23 
d 1.500000000e+000 1.500000000e+000 0.000000000e+000 0.000000000e+000 0.000000000e+000 -3.025225947e-005 2.000000000e-001 2.000000000e-001 3.025256072e-005 0.000000000e+000 0.000000000e+000 -3.012570262e-010 
d 1.125000000e+000 1.125000000e+000 0.000000000e+000 0.000000000e+000 0.000000000e+000 -1.112492298e-005 2.000000000e-001 2.000000000e-001 1.112522373e-005 0.000000000e+000 0.000000000e+000 -3.007583983e-010 
d 1.031250000e+000 1.031250000e+000 0.000000000e+000 0.000000000e+000 0.000000000e+000 -7.115635739e-006 2.000000000e-001 2.000000000e-001 7.115936020e-006 0.000000000e+000 0.000000000e+000 -3.002809778e-010 
d 9.375000000e-001 9.375000000e-001 0.000000000e+000 0.000000000e+000 0.000000000e+000 -4.215846616e-006 2.000000000e-001 2.000000000e-001 4.216146738e-006 0.000000000e+000 0.000000000e+000 -3.001228735e-010 
d 7.500000000e-001 7.500000000e-001 0.000000000e+000 0.000000000e+000 0.000000000e+000 -1.801732172e-006 2.000000000e-001 2.000000000e-001 1.802032162e-006 0.000000000e+000 0.000000000e+000 -2.999896033e-010 
d 0.000000000e+000 0.000000000e+000 0.000000000e+000 0.000000000e+000 0.000000000e+000 -1.333009103e-006 2.000000000e-001 2.000000000e-001 1.333307131e-006 0.000000000e+000 0.000000000e+000 -2.980282191e-010 
d 5.000000000e-002 5.000000000e-002 0.000000000e+000 0.000000000e+000 0.000000000e+000 -1.338902356e-006 2.000000000e-001 2.000000000e-001 1.339200471e-006 0.000000000e+000 0.000000000e+000 -2.981149614e-010 
d 1.000000000e-001 1.000000000e-001 0.000000000e+000 0.000000000e+000 0.000000000e+000 -1.347436092e-006 2.000000000e-001 2.000000000e-001 1.347734328e-006 0.000000000e+000 0.000000000e+000 -2.982361548e-010 
d 1.500000000e-001 1.500000000e-001 0.000000000e+000 0.000000000e+000 0.000000000e+000 -1.359771415e-006 2.000000000e-001 2.000000000e-001 1.360069815e-006 0.000000000e+000 0.000000000e+000 -2.983993909e-010 
d 2.000000000e-001 2.000000000e-001 0.000000000e+000 0.000000000e+000 0.000000000e+000 -1.373594631e-006 2.000000000e-001 2.000000000e-001 1.373893215e-006 0.000000000e+000 0.000000000e+000 -2.985839303e-010 
d 2.500000000e-001 2.500000000e-001 0.000000000e+000 0.000000000e+000 0.000000000e+000 -1.386662014e-006 2.000000000e-001 2.000000000e-001 1.386960784e-006 0.000000000e+000 0.000000000e+000 -2.987702268e-010 
d 3.000000000e-001 3.000000000e-001 0.000000000e+000 0.000000000e+000 0.000000000e+000 -1.400826152e-006 2.000000000e-001 2.000000000e-001 1.401125108e-006 0.000000000e+000 0.000000000e+000 -2.989563498e-010 
d 3.500000000e-001 3.500000000e-001 0.000000000e+000 0.000000000e+000 0.000000000e+000 -1.416965610e-006 2.000000000e-001 2.000000000e-001 1.417264750e-006 0.000000000e+000 0.000000000e+000 -2.991406022e-010 
d 4.000000000e-001 4.000000000e-001 0.000000000e+000 0.000000000e+000 0.000000000e+000 -1.433426782e-006 2.000000000e-001 2.000000000e-001 1.433726097e-006 0.000000000e+000 0.000000000e+000 -2.993151015e-010 
d 4.500000000e-001 4.500000000e-001 0.000000000e+000 0.000000000e+000 0.000000000e+000 -1.451865688e-006 2.000000000e-001 2.000000000e-001 1.452165161e-006 0.000000000e+000 0.000000000e+000 -2.994731778e-010 
d 5.000000000e-001 5.000000000e-001 0.000000000e+000 0.000000000e+000 0.000000000e+000 -1.471025369e-006 2.000000000e-001 2.000000000e-001 1.471324973e-006 0.000000000e+000 0.000000000e+000 -2.996033886e-010 
d 5.500000000e-001 5.500000000e-001 0.000000000e+000 0.000000000e+000 0.000000000e+000 -1.493239588e-006 2.000000000e-001 2.000000000e-001 1.493539295e-006 0.000000000e+000 0.000000000e+000 -2.997078724e-010 
d 6.000000000e-001 6.000000000e-001 0.000000000e+000 0.000000000e+000 0.000000000e+000 -1.525546511e-006 2.000000000e-001 2.000000000e-001 1.525846291e-006 0.000000000e+000 0.000000000e+000 -2.997983075e-010 
d 6.500000000e-001 6.500000000e-001 0.000000000e+000 0.000000000e+000 0.000000000e+000 -1.571716636e-006 2.000000000e-001 2.000000000e-001 1.572016512e-006 0.000000000e+000 0.000000000e+000 -2.998763324e-010 
d 7.000000000e-001 7.000000000e-001 0.000000000e+000 0.000000000e+000 0.000000000e+000 -1.649580484e-006 2.000000000e-001 2.000000000e-001 1.649880424e-006 0.000000000e+000 0.000000000e+000 -2.999405353e-010 
d 7.500000000e-001 7.500000000e-001 0.000000000e+000 0.000000000e+000 0.000000000e+000 -1.801732173e-006 2.000000000e-001 2.000000000e-001 1.802032162e-006 0.000000000e+000 0.000000000e+000 -2.999896033e-010 
d 8.000000000e-001 8.000000000e-001 0.000000000e+000 0.000000000e+000 0.000000000e+000 -2.096496078e-006 2.000000000e-001 2.000000000e-001 2.096796104e-006 0.000000000e+000 0.000000000e+000 -3.000263687e-010 
d 8.500000000e-001 8.500000000e-001 0.000000000e+000 0.000000000e+000 0.000000000e+000 -2.614237855e-006 2.000000000e-001 2.000000000e-001 2.614537914e-006 0.000000000e+000 0.000000000e+000 -3.000590609e-010 
d 9.000000000e-001 9.000000000e-001 0.000000000e+000 0.000000000e+000 0.000000000e+000 -3.408238828e-006 2.000000000e-001 2.000000000e-001 3.408538921e-006 0.000000000e+000 0.000000000e+000 -3.000928146e-010 
d 9.500000000e-001 9.500000000e-001 0.000000000e+000 0.000000000e+000 0.000000000e+000 -4.529271735e-006 2.000000000e-001 2.000000000e-001 4.529571870e-006 0.000000000e+000 0.000000000e+000 -3.001349203e-010 
d 1.000000000e+000 1.000000000e+000 0.000000000e+000 0.000000000e+000 0.000000000e+000 -6.010360612e-006 2.000000000e-001 2.000000000e-001 6.010660816e-006 0.000000000e+000 0.000000000e+000 -3.002038147e-010 
d 1.050000000e+000 1.050000000e+000 0.000000000e+000 0.000000000e+000 0.000000000e+000 -7.840163654e-006 2.000000000e-001 2.000000000e-001 7.840464004e-006 0.000000000e+000 0.000000000e+000 -3.003503692e-010 
d 1.100000000e+000 1.100000000e+000 0.000000000e+000 0.000000000e+000 0.000000000e+000 -9.968582356e-006 2.000000000e-001 2.000000000e-001 9.968882979e-006 0.000000000e+000 0.000000000e+000 -3.006229919e-010 
d 1.150000000e+000 1.150000000e+000 0.000000000e+000 0.000000000e+000 0.000000000e+000 -1.232827954e-005 2.000000000e-001 2.000000000e-001 1.232858041e-005 0.000000000e+000 0.000000000e+000 -3.008638551e-010 
d 1.200000000e+000 1.200000000e+000 0.000000000e+000 0.000000000e+000 0.000000000e+000 -1.482429352e-005 2.000000000e-001 2.000000000e-001 1.482459453e-005 0.000000000e+000 0.000000000e+000 -3.010029510e-010 
d 1.250000000e+000 1.250000000e+000 0.000000000e+000 0.000000000e+000 0.000000000e+000 -1.738093898e-005 2.000000000e-001 2.000000000e-001 1.738124007e-005 0.000000000e+000 0.000000000e+000 -3.010878863e-010 
d 1.300000000e+000 1.300000000e+000 0.000000000e+000 0.000000000e+000 0.000000000e+000 -1.996045374e-005 2.000000000e-001 2.000000000e-001 1.996075489e-005 0.000000000e+000 0.000000000e+000 -3.011447276e-010 
d 1.350000000e+000 1.350000000e+000 0.000000000e+000 0.000000000e+000 0.000000000e+000 -2.254463235e-005 2.000000000e-001 2.000000000e-001 2.254493353e-005 0.000000000e+000 0.000000000e+000 -3.011852294e-010 
d 1.400000000e+000 1.400000000e+000 0.000000000e+000 0.000000000e+000 0.000000000e+000 -2.512423190e-005 2.000000000e-001 2.000000000e-001 2.512453312e-005 0.000000000e+000 0.000000000e+000 -3.012154052e-010 
d 1.450000000e+000 1.450000000e+000 0.000000000e+000 0.000000000e+000 0.000000000e+000 -2.769433974e-005 2.000000000e-001 2.000000000e-001 2.769464098e-005 0.000000000e+000 0.000000000e+000 -3.012386486e-010 
d 1.500000000e+000 1.500000000e+000 0.000000000e+000 0.000000000e+000 0.000000000e+000 -3.025225957e-005 2.000000000e-001 2.000000000e-001 3.025256083e-005 0.000000000e+000 0.000000000e+000 -3.012570262e-010 
d 1.550000000e+000 1.550000000e+000 0.000000000e+000 0.000000000e+000 0.000000000e+000 -3.279650157e-005 2.000000000e-001 2.000000000e-001 3.279680284e-005 0.000000000e+000 0.000000000e+000 -3.012718649e-010 
d 1.600000000e+000 1.600000000e+000 0.000000000e+000 0.000000000e+000 0.000000000e+000 -3.532626514e-005 2.000000000e-001 2.000000000e-001 3.532656642e-005 0.000000000e+000 0.000000000e+000 -3.012840547e-010 
d 1.650000000e+000 1.650000000e+000 0.000000000e+000 0.000000000e+000 0.000000000e+000 -3.784115688e-005 2.000000000e-001 2.000000000e-001 3.784145818e-005 0.000000000e+000 0.000000000e+000 -3.012942129e-010 
d 1.700000000e+000 1.700000000e+000 0.000000000e+000 0.000000000e+000 0.000000000e+000 -4.034103051e-005 2.000000000e-001 2.000000000e-001 4.034133181e-005 0.000000000e+000 0.000000000e+000 -3.013027806e-010 
d 1.750000000e+000 1.750000000e+000 0.000000000e+000 0.000000000e+000 0.000000000e+000 -4.282589237e-005 2.000000000e-001 2.000000000e-001 4.282619368e-005 0.000000000e+000 0.000000000e+000 -3.013100811e-010 
d 1.800000000e+000 1.800000000e+000 0.000000000e+000 0.000000000e+000 0.000000000e+000 -4.529584391e-005 2.000000000e-001 2.000000000e-001 4.529614522e-005 0.000000000e+000 0.000000000e+000 -3.013163558e-010 
d 1.850000000e+000 1.850000000e+000 0.000000000e+000 0.000000000e+000 0.000000000e+000 -4.775104573e-005 2.000000000e-001 2.000000000e-001 4.775134705e-005 0.000000000e+000 0.000000000e+000 -3.013217892e-010 
d 1.900000000e+000 1.900000000e+000 0.000000000e+000 0.000000000e+000 0.000000000e+000 -5.019169458e-005 2.000000000e-001 2.000000000e-001 5.019199591e-005 0.000000000e+000 0.000000000e+000 -3.013265241e-010 
d 1.950000000e+000 1.950000000e+000 0.000000000e+000 0.000000000e+000 0.000000000e+000 -5.261800844e-005 2.000000000e-001 2.000000000e-001 5.261830977e-005 0.000000000e+000 0.000000000e+000 -3.013306728e-010 
d 2.000000000e+000 2.000000000e+000 0.000000000e+000 0.000000000e+000 0.000000000e+000 -5.503021669e-005 2.000000000e-001 2.000000000e-001 5.503051803e-005 0.000000000e+000 0.000000000e+000 -3.013343249e-010 
d 1.000000000e+000 1.000000000e+000 0.000000000e+000 0.000000000e+000 0.000000000e+000 -3.754562799e-006 1.000000000e-001 1.000000000e-001 3.754812878e-006 0.000000000e+000 0.000000000e+000 -2.500792855e-010 
