v ATLAS
# This file was created by ATLAS version 5.20.2.R on Sun Feb 28 15:48:41 2016.
#SSF 2.0 generic
##############################################################################
#                    Copyright (c) 1984 - 2015                               #
#                    Silvaco Inc. All rights reserved                        #
#                                                                            #
# This file format and the following Key are copyright Silvaco Inc.          #
# You may not use, this format or key without reproducing this message in    #
# full and obtaining express written permission from Silvaco Inc.            #
#                                                                            #
# To obtain such permission please contact: Silvaco Inc.                     #
#                                           support@silvaco.com              #
#                                                                            #
# KEY=SVC86hn7562asdx                       PROD=345                         #
##############################################################################
y 3 700 711 15
z 0.6 0.017 300
f 4 "gate" "source" "drain" "substrate" 
p 12 2 601 20 3 602 21 4 603 22 5 604 23 
d 3.000000000e+000 3.000000000e+000 0.000000000e+000 0.000000000e+000 0.000000000e+000 -6.490851593e-005 1.250000000e-001 1.250000000e-001 6.490878300e-005 0.000000000e+000 0.000000000e+000 -2.670688271e-010 
d 3.000000000e+000 3.000000000e+000 0.000000000e+000 0.000000000e+000 0.000000000e+000 -7.713811484e-005 1.500000000e-001 1.500000000e-001 7.713839525e-005 0.000000000e+000 0.000000000e+000 -2.804103620e-010 
d 3.000000000e+000 3.000000000e+000 0.000000000e+000 0.000000000e+000 0.000000000e+000 -1.006434569e-004 2.000000000e-001 2.000000000e-001 1.006437583e-004 0.000000000e+000 0.000000000e+000 -3.013610088e-010 
d 3.000000000e+000 3.000000000e+000 0.000000000e+000 0.000000000e+000 0.000000000e+000 -1.433290656e-004 3.000000000e-001 3.000000000e-001 1.433293976e-004 0.000000000e+000 0.000000000e+000 -3.319682989e-010 
d 3.000000000e+000 3.000000000e+000 0.000000000e+000 0.000000000e+000 0.000000000e+000 -1.799532127e-004 4.000000000e-001 4.000000000e-001 1.799535670e-004 0.000000000e+000 0.000000000e+000 -3.542624347e-010 
d 3.000000000e+000 3.000000000e+000 0.000000000e+000 0.000000000e+000 0.000000000e+000 -2.098110064e-004 5.000000000e-001 5.000000000e-001 2.098113784e-004 0.000000000e+000 0.000000000e+000 -3.720760642e-010 
d 3.000000000e+000 3.000000000e+000 0.000000000e+000 0.000000000e+000 0.000000000e+000 -2.333453608e-004 6.000000000e-001 6.000000000e-001 2.333457475e-004 0.000000000e+000 0.000000000e+000 -3.866364243e-010 
d 3.000000000e+000 3.000000000e+000 0.000000000e+000 0.000000000e+000 0.000000000e+000 -2.514807472e-004 7.000000000e-001 7.000000000e-001 2.514811459e-004 0.000000000e+000 0.000000000e+000 -3.987115991e-010 
d 3.000000000e+000 3.000000000e+000 0.000000000e+000 0.000000000e+000 0.000000000e+000 -2.652849989e-004 8.000000000e-001 8.000000000e-001 2.652854077e-004 0.000000000e+000 0.000000000e+000 -4.088817159e-010 
d 3.000000000e+000 3.000000000e+000 0.000000000e+000 0.000000000e+000 0.000000000e+000 -2.758459870e-004 9.000000000e-001 9.000000000e-001 2.758464046e-004 0.000000000e+000 0.000000000e+000 -4.175681928e-010 
d 3.000000000e+000 3.000000000e+000 0.000000000e+000 0.000000000e+000 0.000000000e+000 -2.840861531e-004 1.000000000e+000 1.000000000e+000 2.840865782e-004 0.000000000e+000 0.000000000e+000 -4.250905796e-010 
d 3.000000000e+000 3.000000000e+000 0.000000000e+000 0.000000000e+000 0.000000000e+000 -2.906023856e-004 1.100000000e+000 1.100000000e+000 2.906028173e-004 0.000000000e+000 0.000000000e+000 -4.316772308e-010 
d 3.000000000e+000 3.000000000e+000 0.000000000e+000 0.000000000e+000 0.000000000e+000 -2.956811694e-004 1.200000000e+000 1.200000000e+000 2.956816069e-004 0.000000000e+000 0.000000000e+000 -4.374925691e-010 
d 3.000000000e+000 3.000000000e+000 0.000000000e+000 0.000000000e+000 0.000000000e+000 -2.997584693e-004 1.300000000e+000 1.300000000e+000 2.997589110e-004 0.000000000e+000 0.000000000e+000 -4.426817655e-010 
d 3.000000000e+000 3.000000000e+000 0.000000000e+000 0.000000000e+000 0.000000000e+000 -3.033174135e-004 1.400000000e+000 1.400000000e+000 3.033178605e-004 0.000000000e+000 0.000000000e+000 -4.473762426e-010 
d 3.000000000e+000 3.000000000e+000 0.000000000e+000 0.000000000e+000 0.000000000e+000 -3.065221770e-004 1.500000000e+000 1.500000000e+000 3.065226279e-004 0.000000000e+000 0.000000000e+000 -4.516630868e-010 
d 3.000000000e+000 3.000000000e+000 0.000000000e+000 0.000000000e+000 0.000000000e+000 -3.094352450e-004 1.600000000e+000 1.600000000e+000 3.094357006e-004 0.000000000e+000 0.000000000e+000 -4.556039863e-010 
d 3.000000000e+000 3.000000000e+000 0.000000000e+000 0.000000000e+000 0.000000000e+000 -3.121187874e-004 1.700000000e+000 1.700000000e+000 3.121192466e-004 0.000000000e+000 0.000000000e+000 -4.592501386e-010 
d 3.000000000e+000 3.000000000e+000 0.000000000e+000 0.000000000e+000 0.000000000e+000 -3.146442689e-004 1.800000000e+000 1.800000000e+000 3.146447315e-004 0.000000000e+000 0.000000000e+000 -4.626467722e-010 
d 3.000000000e+000 3.000000000e+000 0.000000000e+000 0.000000000e+000 0.000000000e+000 -3.170812876e-004 1.900000000e+000 1.900000000e+000 3.170817535e-004 0.000000000e+000 0.000000000e+000 -4.658338620e-010 
d 3.000000000e+000 3.000000000e+000 0.000000000e+000 0.000000000e+000 0.000000000e+000 -3.195006303e-004 2.000000000e+000 2.000000000e+000 3.195010992e-004 0.000000000e+000 0.000000000e+000 -4.688432213e-010 
d 3.000000000e+000 3.000000000e+000 0.000000000e+000 0.000000000e+000 0.000000000e+000 -3.219837262e-004 2.100000000e+000 2.100000000e+000 3.219841979e-004 0.000000000e+000 0.000000000e+000 -4.716983943e-010 
d 3.000000000e+000 3.000000000e+000 0.000000000e+000 0.000000000e+000 0.000000000e+000 -3.246244821e-004 2.200000000e+000 2.200000000e+000 3.246249565e-004 0.000000000e+000 0.000000000e+000 -4.744099425e-010 
d 3.000000000e+000 3.000000000e+000 0.000000000e+000 0.000000000e+000 0.000000000e+000 -3.275157413e-004 2.300000000e+000 2.300000000e+000 3.275162182e-004 0.000000000e+000 0.000000000e+000 -4.769807458e-010 
d 3.000000000e+000 3.000000000e+000 0.000000000e+000 0.000000000e+000 0.000000000e+000 -3.307464356e-004 2.400000000e+000 2.400000000e+000 3.307469150e-004 0.000000000e+000 0.000000000e+000 -4.794145211e-010 
d 3.000000000e+000 3.000000000e+000 0.000000000e+000 0.000000000e+000 0.000000000e+000 -3.344297376e-004 2.500000000e+000 2.500000000e+000 3.344302193e-004 0.000000000e+000 0.000000000e+000 -4.817201101e-010 
d 3.000000000e+000 3.000000000e+000 0.000000000e+000 0.000000000e+000 0.000000000e+000 -3.387114756e-004 2.600000000e+000 2.600000000e+000 3.387119592e-004 0.000000000e+000 0.000000000e+000 -4.839053688e-010 
d 3.000000000e+000 3.000000000e+000 0.000000000e+000 0.000000000e+000 0.000000000e+000 -3.437678591e-004 2.700000000e+000 2.700000000e+000 3.437683450e-004 0.000000000e+000 0.000000000e+000 -4.859777975e-010 
d 3.000000000e+000 3.000000000e+000 0.000000000e+000 0.000000000e+000 0.000000000e+000 -3.498264738e-004 2.800000000e+000 2.800000000e+000 3.498269618e-004 0.000000000e+000 0.000000000e+000 -4.879454905e-010 
d 3.000000000e+000 3.000000000e+000 0.000000000e+000 0.000000000e+000 0.000000000e+000 -3.572786283e-004 2.900000000e+000 2.900000000e+000 3.572791181e-004 0.000000000e+000 0.000000000e+000 -4.898145656e-010 
d 3.000000000e+000 3.000000000e+000 0.000000000e+000 0.000000000e+000 0.000000000e+000 -3.667101096e-004 3.000000000e+000 3.000000000e+000 3.667106012e-004 0.000000000e+000 0.000000000e+000 -4.915870810e-010 
d 3.000000000e+000 3.000000000e+000 0.000000000e+000 0.000000000e+000 0.000000000e+000 -3.787526559e-004 3.100000000e+000 3.100000000e+000 3.787531491e-004 0.000000000e+000 0.000000000e+000 -4.932653476e-010 
d 3.000000000e+000 3.000000000e+000 0.000000000e+000 0.000000000e+000 0.000000000e+000 -3.941222663e-004 3.200000000e+000 3.200000000e+000 3.941227611e-004 0.000000000e+000 0.000000000e+000 -4.948577971e-010 
d 3.000000000e+000 3.000000000e+000 0.000000000e+000 0.000000000e+000 0.000000000e+000 -4.145463577e-004 3.300000000e+000 3.300000000e+000 4.145468541e-004 0.000000000e+000 0.000000000e+000 -4.963670787e-010 
