v ATLAS
# This file was created by ATLAS version 5.20.2.R on Sun Feb 28 15:48:29 2016.
#SSF 2.0 generic
##############################################################################
#                    Copyright (c) 1984 - 2015                               #
#                    Silvaco Inc. All rights reserved                        #
#                                                                            #
# This file format and the following Key are copyright Silvaco Inc.          #
# You may not use, this format or key without reproducing this message in    #
# full and obtaining express written permission from Silvaco Inc.            #
#                                                                            #
# To obtain such permission please contact: Silvaco Inc.                     #
#                                           support@silvaco.com              #
#                                                                            #
# KEY=SVC86hn7562asdx                       PROD=345                         #
##############################################################################
y 3 700 711 15
z 0.6 0.017 300
f 4 "gate" "source" "drain" "substrate" 
p 12 2 601 20 3 602 21 4 603 22 5 604 23 
d 1.000000000e+000 1.000000000e+000 0.000000000e+000 0.000000000e+000 0.000000000e+000 -4.367128290e-006 1.250000000e-001 1.250000000e-001 4.367395179e-006 0.000000000e+000 0.000000000e+000 -2.668891324e-010 
d 1.000000000e+000 1.000000000e+000 0.000000000e+000 0.000000000e+000 0.000000000e+000 -4.903701369e-006 1.500000000e-001 1.500000000e-001 4.903981405e-006 0.000000000e+000 0.000000000e+000 -2.800357497e-010 
d 1.000000000e+000 1.000000000e+000 0.000000000e+000 0.000000000e+000 0.000000000e+000 -6.010360615e-006 2.000000000e-001 2.000000000e-001 6.010660818e-006 0.000000000e+000 0.000000000e+000 -3.002038147e-010 
d 1.000000000e+000 1.000000000e+000 0.000000000e+000 0.000000000e+000 0.000000000e+000 -7.965392613e-006 3.000000000e-001 3.000000000e-001 7.965722957e-006 0.000000000e+000 0.000000000e+000 -3.303440344e-010 
d 1.000000000e+000 1.000000000e+000 0.000000000e+000 0.000000000e+000 0.000000000e+000 -9.842566700e-006 4.000000000e-001 4.000000000e-001 9.842919265e-006 0.000000000e+000 0.000000000e+000 -3.525811841e-010 
d 1.000000000e+000 1.000000000e+000 0.000000000e+000 0.000000000e+000 0.000000000e+000 -1.176186216e-005 5.000000000e-001 5.000000000e-001 1.176223204e-005 0.000000000e+000 0.000000000e+000 -3.699524141e-010 
d 1.000000000e+000 1.000000000e+000 0.000000000e+000 0.000000000e+000 0.000000000e+000 -1.371810751e-005 6.000000000e-001 6.000000000e-001 1.371849150e-005 0.000000000e+000 0.000000000e+000 -3.839879531e-010 
d 1.000000000e+000 1.000000000e+000 0.000000000e+000 0.000000000e+000 0.000000000e+000 -1.570155723e-005 7.000000000e-001 7.000000000e-001 1.570195237e-005 0.000000000e+000 0.000000000e+000 -3.956226541e-010 
d 1.000000000e+000 1.000000000e+000 0.000000000e+000 0.000000000e+000 0.000000000e+000 -1.766124128e-005 8.000000000e-001 8.000000000e-001 1.766164372e-005 0.000000000e+000 0.000000000e+000 -4.054559502e-010 
d 1.000000000e+000 1.000000000e+000 0.000000000e+000 0.000000000e+000 0.000000000e+000 -1.959159093e-005 9.000000000e-001 9.000000000e-001 1.959200482e-005 0.000000000e+000 0.000000000e+000 -4.138835539e-010 
d 1.000000000e+000 1.000000000e+000 0.000000000e+000 0.000000000e+000 0.000000000e+000 -2.158063841e-005 1.000000000e+000 1.000000000e+000 2.158105951e-005 0.000000000e+000 0.000000000e+000 -4.212013058e-010 
d 1.000000000e+000 1.000000000e+000 0.000000000e+000 0.000000000e+000 0.000000000e+000 -2.374799623e-005 1.100000000e+000 1.100000000e+000 2.374842386e-005 0.000000000e+000 0.000000000e+000 -4.276337902e-010 
d 1.000000000e+000 1.000000000e+000 0.000000000e+000 0.000000000e+000 0.000000000e+000 -2.622566282e-005 1.200000000e+000 1.200000000e+000 2.622609618e-005 0.000000000e+000 0.000000000e+000 -4.333575430e-010 
d 1.000000000e+000 1.000000000e+000 0.000000000e+000 0.000000000e+000 0.000000000e+000 -2.913136579e-005 1.300000000e+000 1.300000000e+000 2.913180431e-005 0.000000000e+000 0.000000000e+000 -4.385138178e-010 
d 1.000000000e+000 1.000000000e+000 0.000000000e+000 0.000000000e+000 0.000000000e+000 -3.263310866e-005 1.400000000e+000 1.400000000e+000 3.263355188e-005 0.000000000e+000 0.000000000e+000 -4.432175293e-010 
d 1.000000000e+000 1.000000000e+000 0.000000000e+000 0.000000000e+000 0.000000000e+000 -3.700633543e-005 1.500000000e+000 1.500000000e+000 3.700678298e-005 0.000000000e+000 0.000000000e+000 -4.475552625e-010 
d 1.000000000e+000 1.000000000e+000 0.000000000e+000 0.000000000e+000 0.000000000e+000 -4.260461369e-005 1.600000000e+000 1.600000000e+000 4.260506528e-005 0.000000000e+000 0.000000000e+000 -4.515823045e-010 
d 1.000000000e+000 1.000000000e+000 0.000000000e+000 0.000000000e+000 0.000000000e+000 -4.953639952e-005 1.700000000e+000 1.700000000e+000 4.953685485e-005 0.000000000e+000 0.000000000e+000 -4.553317489e-010 
d 1.000000000e+000 1.000000000e+000 0.000000000e+000 0.000000000e+000 0.000000000e+000 -5.757684076e-005 1.800000000e+000 1.800000000e+000 5.757729959e-005 0.000000000e+000 0.000000000e+000 -4.588324066e-010 
d 1.000000000e+000 1.000000000e+000 0.000000000e+000 0.000000000e+000 0.000000000e+000 -6.651022346e-005 1.900000000e+000 1.900000000e+000 6.651068557e-005 0.000000000e+000 0.000000000e+000 -4.621130807e-010 
d 1.000000000e+000 1.000000000e+000 0.000000000e+000 0.000000000e+000 0.000000000e+000 -7.652725932e-005 2.000000000e+000 2.000000000e+000 7.652772451e-005 0.000000000e+000 0.000000000e+000 -4.651905338e-010 
d 1.000000000e+000 1.000000000e+000 0.000000000e+000 0.000000000e+000 0.000000000e+000 -8.808366006e-005 2.100000000e+000 2.100000000e+000 8.808412695e-005 0.000000000e+000 0.000000000e+000 -4.680811590e-010 
d 1.000000000e+000 1.000000000e+000 0.000000000e+000 0.000000000e+000 0.000000000e+000 -1.017512428e-004 2.200000000e+000 2.200000000e+000 1.017517136e-004 0.000000000e+000 0.000000000e+000 -4.708031855e-010 
d 1.000000000e+000 1.000000000e+000 0.000000000e+000 0.000000000e+000 0.000000000e+000 -1.182488321e-004 2.300000000e+000 2.300000000e+000 1.182493036e-004 0.000000000e+000 0.000000000e+000 -4.733774717e-010 
d 1.000000000e+000 1.000000000e+000 0.000000000e+000 0.000000000e+000 0.000000000e+000 -1.387828988e-004 2.400000000e+000 2.400000000e+000 1.387833661e-004 0.000000000e+000 0.000000000e+000 -4.758220568e-010 
d 1.000000000e+000 1.000000000e+000 0.000000000e+000 0.000000000e+000 0.000000000e+000 -1.656403114e-004 2.500000000e+000 2.500000000e+000 1.656407522e-004 0.000000000e+000 0.000000000e+000 -4.781467516e-010 
d 1.000000000e+000 1.000000000e+000 0.000000000e+000 0.000000000e+000 0.000000000e+000 -2.031631741e-004 2.600000000e+000 2.600000000e+000 2.031636544e-004 0.000000000e+000 0.000000000e+000 -4.803517499e-010 
d 1.000000000e+000 1.000000000e+000 0.000000000e+000 0.000000000e+000 0.000000000e+000 -2.603295184e-004 2.700000000e+000 2.700000000e+000 2.603300008e-004 0.000000000e+000 0.000000000e+000 -4.824267670e-010 
d 1.000000000e+000 1.000000000e+000 0.000000000e+000 0.000000000e+000 0.000000000e+000 -3.565858762e-004 2.800000000e+000 2.800000000e+000 3.565863592e-004 0.000000000e+000 0.000000000e+000 -4.843517224e-010 
d 1.000000000e+000 1.000000000e+000 0.000000000e+000 0.000000000e+000 0.000000000e+000 -5.293487909e-004 2.900000000e+000 2.900000000e+000 5.293492766e-004 0.000000000e+000 0.000000000e+000 -4.861435384e-010 
d 1.000000000e+000 1.000000000e+000 0.000000000e+000 0.000000000e+000 0.000000000e+000 -7.343017487e-004 3.000000000e+000 3.000000000e+000 7.343022324e-004 0.000000000e+000 0.000000000e+000 -4.879607191e-010 
d 1.000000000e+000 1.000000000e+000 0.000000000e+000 0.000000000e+000 0.000000000e+000 -9.488819522e-004 3.100000000e+000 3.100000000e+000 9.488824419e-004 0.000000000e+000 0.000000000e+000 -4.897739144e-010 
d 1.000000000e+000 1.000000000e+000 0.000000000e+000 0.000000000e+000 0.000000000e+000 -1.196707911e-003 3.200000000e+000 3.200000000e+000 1.196708401e-003 0.000000000e+000 0.000000000e+000 -4.915462418e-010 
d 1.000000000e+000 1.000000000e+000 0.000000000e+000 0.000000000e+000 0.000000000e+000 -1.495141475e-003 3.300000000e+000 3.300000000e+000 1.495141968e-003 0.000000000e+000 0.000000000e+000 -4.932736391e-010 
