v ATLAS
# This file was created by ATLAS version 5.20.2.R on Sun Feb 14 15:47:30 2016.
#SSF 2.0 generic
##############################################################################
#                    Copyright (c) 1984 - 2015                               #
#                    Silvaco Inc. All rights reserved                        #
#                                                                            #
# This file format and the following Key are copyright Silvaco Inc.          #
# You may not use, this format or key without reproducing this message in    #
# full and obtaining express written permission from Silvaco Inc.            #
#                                                                            #
# To obtain such permission please contact: Silvaco Inc.                     #
#                                           support@silvaco.com              #
#                                                                            #
# KEY=SVC86hn7562asdx                       PROD=345                         #
##############################################################################
y 3 700 711 15
z 0.6 0.017 300
f 4 "gate" "source" "drain" "substrate" 
p 12 2 601 20 3 602 21 4 603 22 5 604 23 
d 2.000000000e+000 2.000000000e+000 0.000000000e+000 0.000000000e+000 0.000000000e+000 -3.614240515e-005 1.250000000e-001 1.250000000e-001 3.614267222e-005 0.000000000e+000 0.000000000e+000 -2.670718174e-010 
d 2.000000000e+000 2.000000000e+000 0.000000000e+000 0.000000000e+000 0.000000000e+000 -4.269846144e-005 1.500000000e-001 1.500000000e-001 4.269874185e-005 0.000000000e+000 0.000000000e+000 -2.804080313e-010 
d 2.000000000e+000 2.000000000e+000 0.000000000e+000 0.000000000e+000 0.000000000e+000 -5.503021669e-005 2.000000000e-001 2.000000000e-001 5.503051802e-005 0.000000000e+000 0.000000000e+000 -3.013343249e-010 
d 2.000000000e+000 2.000000000e+000 0.000000000e+000 0.000000000e+000 0.000000000e+000 -7.642575622e-005 3.000000000e-001 3.000000000e-001 7.642608796e-005 0.000000000e+000 0.000000000e+000 -3.317378721e-010 
d 2.000000000e+000 2.000000000e+000 0.000000000e+000 0.000000000e+000 0.000000000e+000 -9.355444189e-005 4.000000000e-001 4.000000000e-001 9.355479584e-005 0.000000000e+000 0.000000000e+000 -3.539507408e-010 
d 2.000000000e+000 2.000000000e+000 0.000000000e+000 0.000000000e+000 0.000000000e+000 -1.061838756e-004 5.000000000e-001 5.000000000e-001 1.061842473e-004 0.000000000e+000 0.000000000e+000 -3.717189798e-010 
d 2.000000000e+000 2.000000000e+000 0.000000000e+000 0.000000000e+000 0.000000000e+000 -1.153286830e-004 6.000000000e-001 6.000000000e-001 1.153290692e-004 0.000000000e+000 0.000000000e+000 -3.861106358e-010 
d 2.000000000e+000 2.000000000e+000 0.000000000e+000 0.000000000e+000 0.000000000e+000 -1.218304046e-004 7.000000000e-001 7.000000000e-001 1.218308026e-004 0.000000000e+000 0.000000000e+000 -3.979467328e-010 
d 2.000000000e+000 2.000000000e+000 0.000000000e+000 0.000000000e+000 0.000000000e+000 -1.265122514e-004 8.000000000e-001 8.000000000e-001 1.265126592e-004 0.000000000e+000 0.000000000e+000 -4.078373999e-010 
d 2.000000000e+000 2.000000000e+000 0.000000000e+000 0.000000000e+000 0.000000000e+000 -1.305110131e-004 9.000000000e-001 9.000000000e-001 1.305114294e-004 0.000000000e+000 0.000000000e+000 -4.162838407e-010 
d 2.000000000e+000 2.000000000e+000 0.000000000e+000 0.000000000e+000 0.000000000e+000 -1.341927134e-004 1.000000000e+000 1.000000000e+000 1.341931370e-004 0.000000000e+000 0.000000000e+000 -4.236162443e-010 
d 2.000000000e+000 2.000000000e+000 0.000000000e+000 0.000000000e+000 0.000000000e+000 -1.375879652e-004 1.100000000e+000 1.100000000e+000 1.375883923e-004 0.000000000e+000 0.000000000e+000 -4.300686058e-010 
d 2.000000000e+000 2.000000000e+000 0.000000000e+000 0.000000000e+000 0.000000000e+000 -1.406796177e-004 1.200000000e+000 1.200000000e+000 1.406800512e-004 0.000000000e+000 0.000000000e+000 -4.358105124e-010 
d 2.000000000e+000 2.000000000e+000 0.000000000e+000 0.000000000e+000 0.000000000e+000 -1.434812992e-004 1.300000000e+000 1.300000000e+000 1.434817401e-004 0.000000000e+000 0.000000000e+000 -4.409730274e-010 
d 2.000000000e+000 2.000000000e+000 0.000000000e+000 0.000000000e+000 0.000000000e+000 -1.460572584e-004 1.400000000e+000 1.400000000e+000 1.460577041e-004 0.000000000e+000 0.000000000e+000 -4.456593584e-010 
d 2.000000000e+000 2.000000000e+000 0.000000000e+000 0.000000000e+000 0.000000000e+000 -1.484997740e-004 1.500000000e+000 1.500000000e+000 1.485002240e-004 0.000000000e+000 0.000000000e+000 -4.499522266e-010 
d 2.000000000e+000 2.000000000e+000 0.000000000e+000 0.000000000e+000 0.000000000e+000 -1.509104153e-004 1.600000000e+000 1.600000000e+000 1.509108692e-004 0.000000000e+000 0.000000000e+000 -4.539198428e-010 
d 2.000000000e+000 2.000000000e+000 0.000000000e+000 0.000000000e+000 0.000000000e+000 -1.534023411e-004 1.700000000e+000 1.700000000e+000 1.534027987e-004 0.000000000e+000 0.000000000e+000 -4.576152121e-010 
d 2.000000000e+000 2.000000000e+000 0.000000000e+000 0.000000000e+000 0.000000000e+000 -1.561118090e-004 1.800000000e+000 1.800000000e+000 1.561122701e-004 0.000000000e+000 0.000000000e+000 -4.610781755e-010 
d 2.000000000e+000 2.000000000e+000 0.000000000e+000 0.000000000e+000 0.000000000e+000 -1.592022242e-004 1.900000000e+000 1.900000000e+000 1.592026885e-004 0.000000000e+000 0.000000000e+000 -4.643329160e-010 
d 2.000000000e+000 2.000000000e+000 0.000000000e+000 0.000000000e+000 0.000000000e+000 -1.628299558e-004 2.000000000e+000 2.000000000e+000 1.628304231e-004 0.000000000e+000 0.000000000e+000 -4.673897672e-010 
d 2.000000000e+000 2.000000000e+000 0.000000000e+000 0.000000000e+000 0.000000000e+000 -1.671031698e-004 2.100000000e+000 2.100000000e+000 1.671036401e-004 0.000000000e+000 0.000000000e+000 -4.702563794e-010 
d 2.000000000e+000 2.000000000e+000 0.000000000e+000 0.000000000e+000 0.000000000e+000 -1.721206372e-004 2.200000000e+000 2.200000000e+000 1.721211102e-004 0.000000000e+000 0.000000000e+000 -4.729489980e-010 
d 2.000000000e+000 2.000000000e+000 0.000000000e+000 0.000000000e+000 0.000000000e+000 -1.780320267e-004 2.300000000e+000 2.300000000e+000 1.780325022e-004 0.000000000e+000 0.000000000e+000 -4.754834424e-010 
d 2.000000000e+000 2.000000000e+000 0.000000000e+000 0.000000000e+000 0.000000000e+000 -1.850851840e-004 2.400000000e+000 2.400000000e+000 1.850856619e-004 0.000000000e+000 0.000000000e+000 -4.778718421e-010 
d 2.000000000e+000 2.000000000e+000 0.000000000e+000 0.000000000e+000 0.000000000e+000 -1.936079754e-004 2.500000000e+000 2.500000000e+000 1.936084555e-004 0.000000000e+000 0.000000000e+000 -4.801259708e-010 
d 2.000000000e+000 2.000000000e+000 0.000000000e+000 0.000000000e+000 0.000000000e+000 -2.041845667e-004 2.600000000e+000 2.600000000e+000 2.041850490e-004 0.000000000e+000 0.000000000e+000 -4.822576510e-010 
d 2.000000000e+000 2.000000000e+000 0.000000000e+000 0.000000000e+000 0.000000000e+000 -2.178094604e-004 2.700000000e+000 2.700000000e+000 2.178099447e-004 0.000000000e+000 0.000000000e+000 -4.842710816e-010 
d 2.000000000e+000 2.000000000e+000 0.000000000e+000 0.000000000e+000 0.000000000e+000 -2.357401997e-004 2.800000000e+000 2.800000000e+000 2.357406859e-004 0.000000000e+000 0.000000000e+000 -4.861706233e-010 
d 2.000000000e+000 2.000000000e+000 0.000000000e+000 0.000000000e+000 0.000000000e+000 -2.603354537e-004 2.900000000e+000 2.900000000e+000 2.603359417e-004 0.000000000e+000 0.000000000e+000 -4.879673491e-010 
d 2.000000000e+000 2.000000000e+000 0.000000000e+000 0.000000000e+000 0.000000000e+000 -2.992397246e-004 3.000000000e+000 3.000000000e+000 2.992402142e-004 0.000000000e+000 0.000000000e+000 -4.896443645e-010 
d 2.000000000e+000 2.000000000e+000 0.000000000e+000 0.000000000e+000 0.000000000e+000 -3.662751497e-004 3.100000000e+000 3.100000000e+000 3.662756406e-004 0.000000000e+000 0.000000000e+000 -4.911749616e-010 
d 2.000000000e+000 2.000000000e+000 0.000000000e+000 0.000000000e+000 0.000000000e+000 -4.820507037e-004 3.200000000e+000 3.200000000e+000 4.820511963e-004 0.000000000e+000 0.000000000e+000 -4.926555296e-010 
d 2.000000000e+000 2.000000000e+000 0.000000000e+000 0.000000000e+000 0.000000000e+000 -9.134025611e-004 3.300000000e+000 3.300000000e+000 9.134030550e-004 0.000000000e+000 0.000000000e+000 -4.938175537e-010 
